<?xml version="1.0" encoding="UTF-8"?>
<coverage generated="1747629720134" clover="3.2.0">
  <project timestamp="1747629720134" name="All files">
    <metrics statements="30" coveredstatements="13" conditionals="18" coveredconditionals="6" methods="11" coveredmethods="2" elements="59" coveredelements="21" complexity="0" loc="30" ncloc="30" packages="1" files="1" classes="1"/>
    <file name="app.js" path="C:\Users\jamil\CALCU\src\app.js">
      <metrics statements="30" coveredstatements="13" conditionals="18" coveredconditionals="6" methods="11" coveredmethods="2"/>
      <line num="3" count="0" type="stmt"/>
      <line num="4" count="0" type="cond" truecount="0" falsecount="2"/>
      <line num="8" count="0" type="stmt"/>
      <line num="9" count="0" type="cond" truecount="0" falsecount="2"/>
      <line num="11" count="0" type="stmt"/>
      <line num="12" count="0" type="cond" truecount="0" falsecount="4"/>
      <line num="13" count="0" type="stmt"/>
      <line num="18" count="1" type="stmt"/>
      <line num="19" count="1" type="stmt"/>
      <line num="20" count="1" type="cond" truecount="1" falsecount="1"/>
      <line num="21" count="1" type="cond" truecount="1" falsecount="1"/>
      <line num="25" count="8" type="stmt"/>
      <line num="26" count="8" type="stmt"/>
      <line num="27" count="8" type="cond" truecount="3" falsecount="1"/>
      <line num="29" count="8" type="stmt"/>
      <line num="30" count="8" type="stmt"/>
      <line num="31" count="8" type="stmt"/>
      <line num="33" count="1" type="stmt"/>
      <line num="38" count="2" type="cond" truecount="1" falsecount="1"/>
      <line num="39" count="2" type="stmt"/>
      <line num="41" count="0" type="stmt"/>
      <line num="42" count="0" type="stmt"/>
      <line num="46" count="0" type="stmt"/>
      <line num="47" count="0" type="stmt"/>
      <line num="51" count="0" type="stmt"/>
      <line num="52" count="0" type="stmt"/>
      <line num="53" count="0" type="stmt"/>
      <line num="54" count="0" type="stmt"/>
      <line num="57" count="0" type="stmt"/>
      <line num="58" count="0" type="stmt"/>
    </file>
  </project>
</coverage>
