{"C:\\Users\\jamil\\CALCU\\src\\app.js": {"path":"C:\\Users\\jamil\\CALCU\\src\\app.js","statementMap":{"0":{"start":{"line":3,"column":19},"end":{"line":3,"column":54}},"1":{"start":{"line":4,"column":2},"end":{"line":4,"column":41}},"2":{"start":{"line":4,"column":16},"end":{"line":4,"column":41}},"3":{"start":{"line":8,"column":19},"end":{"line":8,"column":54}},"4":{"start":{"line":9,"column":2},"end":{"line":9,"column":24}},"5":{"start":{"line":9,"column":17},"end":{"line":9,"column":24}},"6":{"start":{"line":11,"column":25},"end":{"line":11,"column":49}},"7":{"start":{"line":12,"column":2},"end":{"line":14,"column":3}},"8":{"start":{"line":13,"column":4},"end":{"line":13,"column":31}},"9":{"start":{"line":18,"column":19},"end":{"line":18,"column":54}},"10":{"start":{"line":19,"column":28},"end":{"line":19,"column":73}},"11":{"start":{"line":20,"column":2},"end":{"line":20,"column":36}},"12":{"start":{"line":20,"column":16},"end":{"line":20,"column":36}},"13":{"start":{"line":21,"column":2},"end":{"line":21,"column":60}},"14":{"start":{"line":21,"column":25},"end":{"line":21,"column":60}},"15":{"start":{"line":25,"column":19},"end":{"line":25,"column":54}},"16":{"start":{"line":26,"column":28},"end":{"line":26,"column":73}},"17":{"start":{"line":27,"column":2},"end":{"line":27,"column":46}},"18":{"start":{"line":27,"column":39},"end":{"line":27,"column":46}},"19":{"start":{"line":29,"column":2},"end":{"line":34,"column":3}},"20":{"start":{"line":30,"column":4},"end":{"line":30,"column":58}},"21":{"start":{"line":31,"column":4},"end":{"line":31,"column":42}},"22":{"start":{"line":33,"column":4},"end":{"line":33,"column":29}},"23":{"start":{"line":38,"column":0},"end":{"line":60,"column":1}},"24":{"start":{"line":39,"column":2},"end":{"line":59,"column":5}},"25":{"start":{"line":41,"column":4},"end":{"line":43,"column":7}},"26":{"start":{"line":42,"column":6},"end":{"line":42,"column":81}},"27":{"start":{"line":42,"column":44},"end":{"line":42,"column":79}},"28":{"start":{"line":46,"column":4},"end":{"line":48,"column":7}},"29":{"start":{"line":47,"column":6},"end":{"line":47,"column":85}},"30":{"start":{"line":47,"column":44},"end":{"line":47,"column":83}},"31":{"start":{"line":51,"column":21},"end":{"line":51,"column":68}},"32":{"start":{"line":52,"column":22},"end":{"line":52,"column":70}},"33":{"start":{"line":53,"column":4},"end":{"line":53,"column":66}},"34":{"start":{"line":53,"column":46},"end":{"line":53,"column":64}},"35":{"start":{"line":54,"column":4},"end":{"line":54,"column":67}},"36":{"start":{"line":54,"column":47},"end":{"line":54,"column":65}},"37":{"start":{"line":57,"column":4},"end":{"line":57,"column":79}},"38":{"start":{"line":58,"column":4},"end":{"line":58,"column":78}}},"fnMap":{"0":{"name":"agregarNumero","decl":{"start":{"line":2,"column":16},"end":{"line":2,"column":29}},"loc":{"start":{"line":2,"column":38},"end":{"line":5,"column":1}},"line":2},"1":{"name":"agregarOperador","decl":{"start":{"line":7,"column":16},"end":{"line":7,"column":31}},"loc":{"start":{"line":7,"column":42},"end":{"line":15,"column":1}},"line":7},"2":{"name":"limpiar","decl":{"start":{"line":17,"column":16},"end":{"line":17,"column":23}},"loc":{"start":{"line":17,"column":26},"end":{"line":22,"column":1}},"line":17},"3":{"name":"calcular","decl":{"start":{"line":24,"column":16},"end":{"line":24,"column":24}},"loc":{"start":{"line":24,"column":27},"end":{"line":35,"column":1}},"line":24},"4":{"name":"(anonymous_4)","decl":{"start":{"line":39,"column":48},"end":{"line":39,"column":49}},"loc":{"start":{"line":39,"column":54},"end":{"line":59,"column":3}},"line":39},"5":{"name":"(anonymous_5)","decl":{"start":{"line":41,"column":55},"end":{"line":41,"column":56}},"loc":{"start":{"line":41,"column":64},"end":{"line":43,"column":5}},"line":41},"6":{"name":"(anonymous_6)","decl":{"start":{"line":42,"column":38},"end":{"line":42,"column":39}},"loc":{"start":{"line":42,"column":44},"end":{"line":42,"column":79}},"line":42},"7":{"name":"(anonymous_7)","decl":{"start":{"line":46,"column":57},"end":{"line":46,"column":58}},"loc":{"start":{"line":46,"column":66},"end":{"line":48,"column":5}},"line":46},"8":{"name":"(anonymous_8)","decl":{"start":{"line":47,"column":38},"end":{"line":47,"column":39}},"loc":{"start":{"line":47,"column":44},"end":{"line":47,"column":83}},"line":47},"9":{"name":"(anonymous_9)","decl":{"start":{"line":53,"column":40},"end":{"line":53,"column":41}},"loc":{"start":{"line":53,"column":46},"end":{"line":53,"column":64}},"line":53},"10":{"name":"(anonymous_10)","decl":{"start":{"line":54,"column":41},"end":{"line":54,"column":42}},"loc":{"start":{"line":54,"column":47},"end":{"line":54,"column":65}},"line":54}},"branchMap":{"0":{"loc":{"start":{"line":4,"column":2},"end":{"line":4,"column":41}},"type":"if","locations":[{"start":{"line":4,"column":2},"end":{"line":4,"column":41}},{"start":{},"end":{}}],"line":4},"1":{"loc":{"start":{"line":9,"column":2},"end":{"line":9,"column":24}},"type":"if","locations":[{"start":{"line":9,"column":2},"end":{"line":9,"column":24}},{"start":{},"end":{}}],"line":9},"2":{"loc":{"start":{"line":12,"column":2},"end":{"line":14,"column":3}},"type":"if","locations":[{"start":{"line":12,"column":2},"end":{"line":14,"column":3}},{"start":{},"end":{}}],"line":12},"3":{"loc":{"start":{"line":12,"column":6},"end":{"line":12,"column":92}},"type":"binary-expr","locations":[{"start":{"line":12,"column":6},"end":{"line":12,"column":67}},{"start":{"line":12,"column":71},"end":{"line":12,"column":92}}],"line":12},"4":{"loc":{"start":{"line":20,"column":2},"end":{"line":20,"column":36}},"type":"if","locations":[{"start":{"line":20,"column":2},"end":{"line":20,"column":36}},{"start":{},"end":{}}],"line":20},"5":{"loc":{"start":{"line":21,"column":2},"end":{"line":21,"column":60}},"type":"if","locations":[{"start":{"line":21,"column":2},"end":{"line":21,"column":60}},{"start":{},"end":{}}],"line":21},"6":{"loc":{"start":{"line":27,"column":2},"end":{"line":27,"column":46}},"type":"if","locations":[{"start":{"line":27,"column":2},"end":{"line":27,"column":46}},{"start":{},"end":{}}],"line":27},"7":{"loc":{"start":{"line":27,"column":6},"end":{"line":27,"column":37}},"type":"binary-expr","locations":[{"start":{"line":27,"column":6},"end":{"line":27,"column":15}},{"start":{"line":27,"column":19},"end":{"line":27,"column":37}}],"line":27},"8":{"loc":{"start":{"line":38,"column":0},"end":{"line":60,"column":1}},"type":"if","locations":[{"start":{"line":38,"column":0},"end":{"line":60,"column":1}},{"start":{},"end":{}}],"line":38}},"s":{"0":0,"1":0,"2":0,"3":0,"4":0,"5":0,"6":0,"7":0,"8":0,"9":1,"10":1,"11":1,"12":1,"13":1,"14":1,"15":8,"16":8,"17":8,"18":0,"19":8,"20":8,"21":8,"22":1,"23":2,"24":2,"25":0,"26":0,"27":0,"28":0,"29":0,"30":0,"31":0,"32":0,"33":0,"34":0,"35":0,"36":0,"37":0,"38":0},"f":{"0":0,"1":0,"2":1,"3":8,"4":0,"5":0,"6":0,"7":0,"8":0,"9":0,"10":0},"b":{"0":[0,0],"1":[0,0],"2":[0,0],"3":[0,0],"4":[1,0],"5":[1,0],"6":[0,8],"7":[8,8],"8":[2,0]},"_coverageSchema":"1a1c01bbd47fc00a2c39e90264f33305004495a9","hash":"449b52849d3d1c2c1c40ced3a0aa0ecfa4418833"}
}
