TN:
SF:src\app.js
FN:2,agregarNumero
FN:7,agregarOperador
FN:17,limpiar
FN:24,calcular
FN:39,(anonymous_4)
FN:41,(anonymous_5)
FN:42,(anonymous_6)
FN:46,(anonymous_7)
FN:47,(anonymous_8)
FN:53,(anonymous_9)
FN:54,(anonymous_10)
FNF:11
FNH:2
FNDA:0,agregarNumero
FNDA:0,agregarOperador
FNDA:1,limpiar
FNDA:8,calcular
FNDA:0,(anonymous_4)
FNDA:0,(anonymous_5)
FNDA:0,(anonymous_6)
FNDA:0,(anonymous_7)
FNDA:0,(anonymous_8)
FNDA:0,(anonymous_9)
FNDA:0,(anonymous_10)
DA:3,0
DA:4,0
DA:8,0
DA:9,0
DA:11,0
DA:12,0
DA:13,0
DA:18,1
DA:19,1
DA:20,1
DA:21,1
DA:25,8
DA:26,8
DA:27,8
DA:29,8
DA:30,8
DA:31,8
DA:33,1
DA:38,2
DA:39,2
DA:41,0
DA:42,0
DA:46,0
DA:47,0
DA:51,0
DA:52,0
DA:53,0
DA:54,0
DA:57,0
DA:58,0
LF:30
LH:13
BRDA:4,0,0,0
BRDA:4,0,1,0
BRDA:9,1,0,0
BRDA:9,1,1,0
BRDA:12,2,0,0
BRDA:12,2,1,0
BRDA:12,3,0,0
BRDA:12,3,1,0
BRDA:20,4,0,1
BRDA:20,4,1,0
BRDA:21,5,0,1
BRDA:21,5,1,0
BRDA:27,6,0,0
BRDA:27,6,1,8
BRDA:27,7,0,8
BRDA:27,7,1,8
BRDA:38,8,0,2
BRDA:38,8,1,0
BRF:18
BRH:6
end_of_record
